<?xml version="1.0" encoding="UTF-8"?>
<beans xmlns="http://www.springframework.org/schema/beans"
	xmlns:xsi="http://www.w3.org/2001/XMLSchema-instance"
	xmlns:aop="http://www.springframework.org/schema/aop"
	xmlns:context="http://www.springframework.org/schema/context"
	xmlns:jee="http://www.springframework.org/schema/jee"
	xmlns:p="http://www.springframework.org/schema/p"
	xmlns:task="http://www.springframework.org/schema/task"
	xmlns:tx="http://www.springframework.org/schema/tx"
	xsi:schemaLocation="http://www.springframework.org/schema/beans http://www.springframework.org/schema/beans/spring-beans.xsd
		http://www.springframework.org/schema/aop http://www.springframework.org/schema/aop/spring-aop-3.2.xsd
		http://www.springframework.org/schema/context http://www.springframework.org/schema/context/spring-context-3.2.xsd
		http://www.springframework.org/schema/jee http://www.springframework.org/schema/jee/spring-jee-3.2.xsd
		http://www.springframework.org/schema/task http://www.springframework.org/schema/task/spring-task-3.2.xsd
		http://www.springframework.org/schema/tx http://www.springframework.org/schema/tx/spring-tx-3.0.xsd">

<!--  context:component-scan base-package="com.genefo.*" /-->
<!-- package to look for annotated classes -->
<context:component-scan base-package="com.genefo.services.impl.*"/>

<tx:annotation-driven transaction-manager="transactionManager" />    
  
 <bean id="dataSource" class="org.apache.commons.dbcp.BasicDataSource" destroy-method="close">
    <property name="driverClassName" value="com.mysql.jdbc.Driver" />
    <property name="url" value="jdbc:mysql://localhost:3306/genefo" />
    <property name="username" value="root" />
    <property name="password" value="root" />
  </bean>

  <bean id="sessionFactory" class="org.springframework.orm.hibernate4.LocalSessionFactoryBean">
    <property name="dataSource" ref="dataSource"></property>
     <property name="packagesToScan">
			<list>
				<value>com.genefo.persistence.models</value>
				<value>com.genefo.persistence.models.**/*</value>
				<value>com.genefo.persistence.customdaosupport</value>
				<value>com.genefo.persistence.customdaosupport.**/*</value>
			</list>
		</property>
    <property name="hibernateProperties">
			<props>
				<prop key="hibernate.dialect">org.hibernate.dialect.MySQL5InnoDBDialect</prop>
				<prop key="hibernate.hbm2ddl.auto">validate</prop>
				<prop key="hibernate.hbm2ddl.auto">validate</prop>
				<prop key="hibernate.show_sql">false</prop>
				<prop key="hibernate.format_sql">true</prop>
				<prop key="hibernate.jdbc.batch_size">10</prop>
				<prop key="hibernate.order_updates">true</prop>
				<prop key="hibernate.use_sql_comments">false</prop>
				<prop key="hibernate.connection.release_mode">on_close</prop>
				<prop key="hibernate.transaction.auto_close_session">false</prop>
				<prop key="hibernate.bytecode.use_reflection_optimizer">false</prop>
				
				<!-- Disable second-level cache. -->
    <prop key="cache.provider_class">org.hibernate.cache.NoCacheProvider</prop>
	<prop key="cache.use_query_cache">false</prop>
	<prop key="cache.use_minimal_puts">false</prop>
	<prop key="max_fetch_depth">3</prop>
			</props>
		</property>
  </bean>
  
  <bean id="transactionManager" class="org.springframework.orm.hibernate4.HibernateTransactionManager" 
    p:sessionFactory-ref="sessionFactory">
  </bean>
  <bean id="persistenceExceptionTranslationPostProcessor"
    class="org.springframework.dao.annotation.PersistenceExceptionTranslationPostProcessor"/>
    <!-- DB objects -->
  	<bean id="userDAOImpl" class="com.genefo.persistence.dao.impl.UserDAOImpl"></bean>
	<bean id="genderDAOImpl" class="com.genefo.persistence.dao.impl.GenderDAOImpl" />

	<bean id="profileDAOImpl" class="com.genefo.persistence.dao.impl.ProfileDAOImpl" />

	<bean id="roleDAOImpl" class="com.genefo.persistence.dao.impl.RoleDAOImpl" />

	<bean id="relationDAOImpl" class="com.genefo.persistence.dao.impl.RelationDAOImpl" />
	
	<bean id="cityDAOImpl" class="com.genefo.persistence.dao.impl.CityDAOImpl" />
	
	<!-- Services -->
	<bean id="userService" class="com.genefo.services.impl.UserServiceImpl" />
	<bean id="profileService" class="com.genefo.services.impl.ProfileServiceImpl" />
	
	
			
</beans>
